<?xml version="1.0" encoding="UTF-8"?>
<!-- Generated by org.testng.reporters.JUnitReportReporter -->
<testsuite hostname="INCHEXTSLT013" name="testcases.memberV2Search" tests="4" failures="0" timestamp="11 Mar 2019 13:37:02 GMT" time="432.234" errors="0">
  <testcase name="partnerMemberIDSearch_tc02" time="134.099" classname="testcases.memberV2Search"/>
  <testcase name="partnerMemberIDSearch_tc04" time="146.968" classname="testcases.memberV2Search"/>
  <testcase name="partnerMemberIDSearch_tc03" time="13.500" classname="testcases.memberV2Search"/>
  <testcase name="partnerMemberIDSearch_tc01" time="137.667" classname="testcases.memberV2Search"/>
</testsuite> <!-- testcases.memberV2Search -->
