<?xml version="1.0" encoding="UTF-8"?>
<!-- Generated by org.testng.reporters.JUnitReportReporter -->
<testsuite hostname="INCHEXTSLT013" name="testcases.NewTransaction" tests="3" failures="0" timestamp="4 Mar 2019 12:17:56 GMT" time="178.379" errors="0">
  <testcase name="newpurchasebalancetransaction" time="53.779" classname="testcases.NewTransaction"/>
  <testcase name="itemdetailtransaction" time="64.918" classname="testcases.NewTransaction"/>
  <testcase name="newrewardtransaction" time="59.682" classname="testcases.NewTransaction"/>
</testsuite> <!-- testcases.NewTransaction -->
