<?xml version="1.0" encoding="UTF-8"?>
<!-- Generated by org.testng.reporters.JUnitReportReporter -->
<testsuite hostname="INCHEXTSLT014" name="testcases.NewTransaction" tests="3" failures="0" timestamp="4 Mar 2019 10:43:36 GMT" time="196.490" errors="0">
  <testcase name="newpurchasebalancetransaction" time="59.487" classname="testcases.NewTransaction"/>
  <testcase name="itemdetailtransaction" time="79.122" classname="testcases.NewTransaction"/>
  <testcase name="newrewardtransaction" time="57.881" classname="testcases.NewTransaction"/>
</testsuite> <!-- testcases.NewTransaction -->
