<?xml version="1.0" encoding="UTF-8"?>
<!-- Generated by org.testng.reporters.JUnitReportReporter -->
<testsuite hostname="INCHEXTSLT013" name="testcases.memberV2Search" tests="2" failures="0" timestamp="5 Mar 2019 11:31:34 GMT" time="11.576" errors="0">
  <testcase name="v2MemberSearch_tc01" time="7.258" classname="testcases.memberV2Search"/>
  <testcase name="v2MemberSearch_tc02" time="4.318" classname="testcases.memberV2Search"/>
</testsuite> <!-- testcases.memberV2Search -->
