<?xml version="1.0" encoding="UTF-8"?>
<!-- Generated by org.testng.reporters.JUnitReportReporter -->
<testsuite hostname="INCHEXTSLT013" name="testcases.memberPSIdSearch" tests="4" failures="0" timestamp="11 Mar 2019 13:24:53 GMT" time="70.932" errors="0">
  <testcase name="psIDSearch_tc04" time="19.100" classname="testcases.memberPSIdSearch"/>
  <testcase name="psIDSearch_tc01" time="20.151" classname="testcases.memberPSIdSearch"/>
  <testcase name="psIDSearch_tc02" time="19.243" classname="testcases.memberPSIdSearch"/>
  <testcase name="psIDSearch_tc03" time="12.438" classname="testcases.memberPSIdSearch"/>
</testsuite> <!-- testcases.memberPSIdSearch -->
