<?xml version="1.0" encoding="UTF-8"?>
<!-- Generated by org.testng.reporters.JUnitReportReporter -->
<testsuite hostname="INCHEXTSLT014" name="testcases.NewTest" tests="1" failures="0" timestamp="28 Feb 2019 06:43:45 GMT" time="73.067" errors="0">
  <testcase name="transaction" time="73.067" classname="testcases.NewTest"/>
</testsuite> <!-- testcases.NewTest -->
